21:44:14.939 [pool-1-thread-2] INFO  - Transfer succeeded: 6030 units from 726665e1-ecd4-4d0d-a2f5-0672f892c27a to c0ecef55-300e-4f34-9251-d624da420de1. New balances: 726665e1-ecd4-4d0d-a2f5-0672f892c27a -> 3970, c0ecef55-300e-4f34-9251-d624da420de1 -> 16030
21:44:15.307 [pool-1-thread-1] INFO  - Transfer succeeded: 3824 units from 63b1369e-23f6-42f9-830e-53c8d9bdb2e5 to e9a13871-75bb-4e21-bb00-06450e176863. New balances: 63b1369e-23f6-42f9-830e-53c8d9bdb2e5 -> 6176, e9a13871-75bb-4e21-bb00-06450e176863 -> 13824
21:44:16.174 [pool-1-thread-2] INFO  - Transfer succeeded: 297 units from 63b1369e-23f6-42f9-830e-53c8d9bdb2e5 to e9a13871-75bb-4e21-bb00-06450e176863. New balances: 63b1369e-23f6-42f9-830e-53c8d9bdb2e5 -> 5879, e9a13871-75bb-4e21-bb00-06450e176863 -> 14121
21:44:17.197 [pool-1-thread-1] INFO  - Transfer succeeded: 2585 units from e9a13871-75bb-4e21-bb00-06450e176863 to a659230d-d683-4518-afc2-acb13513b56c. New balances: e9a13871-75bb-4e21-bb00-06450e176863 -> 11536, a659230d-d683-4518-afc2-acb13513b56c -> 12585
21:44:17.639 [pool-1-thread-2] INFO  - Transfer succeeded: 9149 units from a659230d-d683-4518-afc2-acb13513b56c to 3a8e3af4-6152-459c-9b3e-496aed443c72. New balances: a659230d-d683-4518-afc2-acb13513b56c -> 3436, 3a8e3af4-6152-459c-9b3e-496aed443c72 -> 19149
21:44:18.792 [pool-1-thread-1] INFO  - Transfer succeeded: 1488 units from 63b1369e-23f6-42f9-830e-53c8d9bdb2e5 to c0d76973-c7eb-47c6-9389-c83f761c6d2a. New balances: 63b1369e-23f6-42f9-830e-53c8d9bdb2e5 -> 4391, c0d76973-c7eb-47c6-9389-c83f761c6d2a -> 11488
21:44:18.990 [pool-1-thread-2] INFO  - Transfer failed: insufficient funds from a659230d-d683-4518-afc2-acb13513b56c. Missing are 2275 units
21:44:20.112 [pool-1-thread-1] INFO  - Transfer succeeded: 2106 units from 755f2e72-e116-4854-a248-e6f6d1065dbc to a659230d-d683-4518-afc2-acb13513b56c. New balances: 755f2e72-e116-4854-a248-e6f6d1065dbc -> 7894, a659230d-d683-4518-afc2-acb13513b56c -> 5542
21:44:20.444 [pool-1-thread-2] INFO  - Transfer succeeded: 9411 units from c0ecef55-300e-4f34-9251-d624da420de1 to 755f2e72-e116-4854-a248-e6f6d1065dbc. New balances: c0ecef55-300e-4f34-9251-d624da420de1 -> 6619, 755f2e72-e116-4854-a248-e6f6d1065dbc -> 17305
21:44:21.447 [pool-1-thread-1] INFO  - Transfer succeeded: 7662 units from c0d76973-c7eb-47c6-9389-c83f761c6d2a to 63b1369e-23f6-42f9-830e-53c8d9bdb2e5. New balances: c0d76973-c7eb-47c6-9389-c83f761c6d2a -> 3826, 63b1369e-23f6-42f9-830e-53c8d9bdb2e5 -> 12053
21:44:22.197 [pool-1-thread-2] INFO  - Transfer succeeded: 2389 units from c0ecef55-300e-4f34-9251-d624da420de1 to e9a13871-75bb-4e21-bb00-06450e176863. New balances: c0ecef55-300e-4f34-9251-d624da420de1 -> 4230, e9a13871-75bb-4e21-bb00-06450e176863 -> 13925
21:44:22.197 [pool-1-thread-2] INFO  - 🎯 Target of 10 transfers reached.
21:44:22.197 [main] INFO  - 🎯 Target of 10 transfers reached. Shutting down workers...
21:44:23.398 [pool-1-thread-1] INFO  - Transfer failed: insufficient funds from 726665e1-ecd4-4d0d-a2f5-0672f892c27a. Missing are 4654 units
21:44:23.398 [main] INFO  - ✅ Application finished successfully.
21:54:46.187 [pool-1-thread-1] INFO  - Transfer succeeded: 4674 units from 5f33bab7-84f0-4bb9-bcaa-66776082c3d2 to d215618c-9ad5-4b18-9d2c-fd4a7175e4c7. New balances: 5f33bab7-84f0-4bb9-bcaa-66776082c3d2 -> 5326, d215618c-9ad5-4b18-9d2c-fd4a7175e4c7 -> 14674
21:54:46.322 [pool-1-thread-2] INFO  - Transfer succeeded: 6728 units from d215618c-9ad5-4b18-9d2c-fd4a7175e4c7 to 5f33bab7-84f0-4bb9-bcaa-66776082c3d2. New balances: d215618c-9ad5-4b18-9d2c-fd4a7175e4c7 -> 7946, 5f33bab7-84f0-4bb9-bcaa-66776082c3d2 -> 12054
21:54:47.295 [pool-1-thread-1] INFO  - Transfer failed: insufficient funds from d215618c-9ad5-4b18-9d2c-fd4a7175e4c7. Missing are 940 units
21:54:47.553 [pool-1-thread-2] INFO  - Transfer succeeded: 9505 units from b6bfd298-1dc8-4904-9125-1e8b434d6f78 to f73c3a8b-986a-41e7-aad1-4aa815c0f048. New balances: b6bfd298-1dc8-4904-9125-1e8b434d6f78 -> 495, f73c3a8b-986a-41e7-aad1-4aa815c0f048 -> 19505
21:54:48.613 [pool-1-thread-1] INFO  - Transfer failed: insufficient funds from b6bfd298-1dc8-4904-9125-1e8b434d6f78. Missing are 4950 units
21:54:49.148 [pool-1-thread-2] INFO  - Transfer succeeded: 5661 units from d215618c-9ad5-4b18-9d2c-fd4a7175e4c7 to 5f33bab7-84f0-4bb9-bcaa-66776082c3d2. New balances: d215618c-9ad5-4b18-9d2c-fd4a7175e4c7 -> 2285, 5f33bab7-84f0-4bb9-bcaa-66776082c3d2 -> 17715
21:54:50.284 [pool-1-thread-1] INFO  - Transfer succeeded: 1041 units from f73c3a8b-986a-41e7-aad1-4aa815c0f048 to 5f33bab7-84f0-4bb9-bcaa-66776082c3d2. New balances: f73c3a8b-986a-41e7-aad1-4aa815c0f048 -> 18464, 5f33bab7-84f0-4bb9-bcaa-66776082c3d2 -> 18756
21:54:50.933 [pool-1-thread-2] INFO  - Transfer succeeded: 381 units from 5f33bab7-84f0-4bb9-bcaa-66776082c3d2 to b6bfd298-1dc8-4904-9125-1e8b434d6f78. New balances: 5f33bab7-84f0-4bb9-bcaa-66776082c3d2 -> 18375, b6bfd298-1dc8-4904-9125-1e8b434d6f78 -> 876
21:54:51.569 [pool-1-thread-1] INFO  - Transfer succeeded: 1900 units from 5f33bab7-84f0-4bb9-bcaa-66776082c3d2 to b6bfd298-1dc8-4904-9125-1e8b434d6f78. New balances: 5f33bab7-84f0-4bb9-bcaa-66776082c3d2 -> 16475, b6bfd298-1dc8-4904-9125-1e8b434d6f78 -> 2776
21:54:52.181 [pool-1-thread-2] INFO  - Transfer succeeded: 875 units from 5f33bab7-84f0-4bb9-bcaa-66776082c3d2 to b6bfd298-1dc8-4904-9125-1e8b434d6f78. New balances: 5f33bab7-84f0-4bb9-bcaa-66776082c3d2 -> 15600, b6bfd298-1dc8-4904-9125-1e8b434d6f78 -> 3651
21:54:52.681 [pool-1-thread-1] INFO  - Transfer failed: insufficient funds from b6bfd298-1dc8-4904-9125-1e8b434d6f78. Missing are 2306 units
21:54:53.352 [pool-1-thread-2] INFO  - Transfer succeeded: 3488 units from b6bfd298-1dc8-4904-9125-1e8b434d6f78 to f73c3a8b-986a-41e7-aad1-4aa815c0f048. New balances: b6bfd298-1dc8-4904-9125-1e8b434d6f78 -> 163, f73c3a8b-986a-41e7-aad1-4aa815c0f048 -> 21952
21:54:53.352 [pool-1-thread-2] INFO  - 🎯 Target of 10 transfers reached.
21:54:53.353 [main] INFO  - 🎯 Target of 10 transfers reached. Shutting down workers...
21:54:54.273 [pool-1-thread-1] INFO  - Transfer succeeded: 6285 units from f73c3a8b-986a-41e7-aad1-4aa815c0f048 to 5f33bab7-84f0-4bb9-bcaa-66776082c3d2. New balances: f73c3a8b-986a-41e7-aad1-4aa815c0f048 -> 15667, 5f33bab7-84f0-4bb9-bcaa-66776082c3d2 -> 21885
21:54:54.274 [main] INFO  - ✅ Application finished successfully.
21:57:58.019 [pool-1-thread-2] INFO  - Transfer succeeded: 9663 units from 8ca1d7e7-abea-4814-9bfe-874715047066 to 9b6d51e3-efee-4567-b9f5-e141a4bffe97. New balances: 8ca1d7e7-abea-4814-9bfe-874715047066 -> 337, 9b6d51e3-efee-4567-b9f5-e141a4bffe97 -> 19663
21:57:58.224 [pool-1-thread-1] INFO  - Transfer succeeded: 1309 units from 91a10d75-68a1-4607-8d65-b207f7270260 to 96481dd8-6406-42d9-aae9-af6dcd7a746d. New balances: 91a10d75-68a1-4607-8d65-b207f7270260 -> 8691, 96481dd8-6406-42d9-aae9-af6dcd7a746d -> 11309
21:57:59.345 [pool-1-thread-2] INFO  - Transfer failed: insufficient funds from 8ca1d7e7-abea-4814-9bfe-874715047066. Missing are 3310 units
21:57:59.421 [pool-1-thread-1] INFO  - Transfer succeeded: 1332 units from 91a10d75-68a1-4607-8d65-b207f7270260 to 9b6d51e3-efee-4567-b9f5-e141a4bffe97. New balances: 91a10d75-68a1-4607-8d65-b207f7270260 -> 7359, 9b6d51e3-efee-4567-b9f5-e141a4bffe97 -> 20995
21:58:00.755 [pool-1-thread-1] INFO  - Transfer succeeded: 6992 units from 91a10d75-68a1-4607-8d65-b207f7270260 to 96481dd8-6406-42d9-aae9-af6dcd7a746d. New balances: 91a10d75-68a1-4607-8d65-b207f7270260 -> 367, 96481dd8-6406-42d9-aae9-af6dcd7a746d -> 18301
21:58:00.952 [pool-1-thread-2] INFO  - Transfer succeeded: 995 units from 9b6d51e3-efee-4567-b9f5-e141a4bffe97 to 8ca1d7e7-abea-4814-9bfe-874715047066. New balances: 9b6d51e3-efee-4567-b9f5-e141a4bffe97 -> 20000, 8ca1d7e7-abea-4814-9bfe-874715047066 -> 1332
21:58:02.172 [pool-1-thread-1] INFO  - Transfer succeeded: 4592 units from 96481dd8-6406-42d9-aae9-af6dcd7a746d to 91a10d75-68a1-4607-8d65-b207f7270260. New balances: 96481dd8-6406-42d9-aae9-af6dcd7a746d -> 13709, 91a10d75-68a1-4607-8d65-b207f7270260 -> 4959
21:58:02.419 [pool-1-thread-2] INFO  - Transfer succeeded: 4453 units from 96481dd8-6406-42d9-aae9-af6dcd7a746d to 9b6d51e3-efee-4567-b9f5-e141a4bffe97. New balances: 96481dd8-6406-42d9-aae9-af6dcd7a746d -> 9256, 9b6d51e3-efee-4567-b9f5-e141a4bffe97 -> 24453
21:58:03.528 [pool-1-thread-2] INFO  - Transfer failed: insufficient funds from 8ca1d7e7-abea-4814-9bfe-874715047066. Missing are 5037 units
21:58:03.989 [pool-1-thread-1] INFO  - Transfer failed: insufficient funds from 8ca1d7e7-abea-4814-9bfe-874715047066. Missing are 6300 units
21:58:05.380 [pool-1-thread-2] INFO  - Transfer succeeded: 593 units from 9b6d51e3-efee-4567-b9f5-e141a4bffe97 to 8ca1d7e7-abea-4814-9bfe-874715047066. New balances: 9b6d51e3-efee-4567-b9f5-e141a4bffe97 -> 23860, 8ca1d7e7-abea-4814-9bfe-874715047066 -> 1925
21:58:05.662 [pool-1-thread-1] INFO  - Transfer succeeded: 669 units from 8ca1d7e7-abea-4814-9bfe-874715047066 to 9b6d51e3-efee-4567-b9f5-e141a4bffe97. New balances: 8ca1d7e7-abea-4814-9bfe-874715047066 -> 1256, 9b6d51e3-efee-4567-b9f5-e141a4bffe97 -> 24529
21:58:07.229 [pool-1-thread-2] INFO  - Transfer succeeded: 1270 units from 9b6d51e3-efee-4567-b9f5-e141a4bffe97 to 91a10d75-68a1-4607-8d65-b207f7270260. New balances: 9b6d51e3-efee-4567-b9f5-e141a4bffe97 -> 23259, 91a10d75-68a1-4607-8d65-b207f7270260 -> 6229
21:58:07.229 [pool-1-thread-2] INFO  - 🎯 Target of 10 transfers reached.
21:58:07.230 [main] INFO  - 🎯 Target of 10 transfers reached. Shutting down workers...
21:58:07.231 [main] INFO  - ✅ Application finished successfully.
21:59:26.072 [pool-1-thread-1] INFO  - Transfer succeeded: 9935 units from 6fd92de5-7a9e-4290-8ddb-72965929e4ee to 67da88d3-1128-4050-bc2c-ba22c73c958e. New balances: 6fd92de5-7a9e-4290-8ddb-72965929e4ee -> 65, 67da88d3-1128-4050-bc2c-ba22c73c958e -> 19935
21:59:26.418 [pool-1-thread-2] INFO  - Transfer succeeded: 9482 units from 7067d675-ec33-4f44-b1c4-67b763f6d765 to d0cc58a6-b3d7-4e58-a84d-6bde129dbafb. New balances: 7067d675-ec33-4f44-b1c4-67b763f6d765 -> 518, d0cc58a6-b3d7-4e58-a84d-6bde129dbafb -> 19482
21:59:27.632 [pool-1-thread-1] INFO  - Transfer succeeded: 7786 units from a457011a-ebbe-409b-89b3-daa178513964 to e7dfd2e9-55f2-4354-a92f-50465d083ab9. New balances: a457011a-ebbe-409b-89b3-daa178513964 -> 2214, e7dfd2e9-55f2-4354-a92f-50465d083ab9 -> 17786
21:59:28.294 [pool-1-thread-2] INFO  - Transfer succeeded: 5503 units from e10a7942-80bd-4cb0-a217-f84b88539734 to 31bb483a-9b6e-4a6b-af72-36f22d46f504. New balances: e10a7942-80bd-4cb0-a217-f84b88539734 -> 4497, 31bb483a-9b6e-4a6b-af72-36f22d46f504 -> 15503
21:59:29.566 [pool-1-thread-1] INFO  - Transfer succeeded: 2900 units from e7dfd2e9-55f2-4354-a92f-50465d083ab9 to c48651ed-b2fb-45b0-9cf7-e37628f23cd9. New balances: e7dfd2e9-55f2-4354-a92f-50465d083ab9 -> 14886, c48651ed-b2fb-45b0-9cf7-e37628f23cd9 -> 12900
21:59:29.617 [pool-1-thread-2] INFO  - Transfer failed: insufficient funds from 6fd92de5-7a9e-4290-8ddb-72965929e4ee. Missing are 6783 units
21:59:30.590 [pool-1-thread-1] INFO  - Transfer succeeded: 9401 units from b1293c48-ad67-4c00-9e09-7a4a3200dceb to 6fd92de5-7a9e-4290-8ddb-72965929e4ee. New balances: b1293c48-ad67-4c00-9e09-7a4a3200dceb -> 599, 6fd92de5-7a9e-4290-8ddb-72965929e4ee -> 9466
21:59:31.431 [pool-1-thread-2] INFO  - Transfer succeeded: 1466 units from ffa966c3-7cf2-461f-88e0-3bfcd80c7674 to a457011a-ebbe-409b-89b3-daa178513964. New balances: ffa966c3-7cf2-461f-88e0-3bfcd80c7674 -> 8534, a457011a-ebbe-409b-89b3-daa178513964 -> 3680
21:59:31.909 [pool-1-thread-1] INFO  - Transfer succeeded: 3836 units from 02a61007-1ef5-4c75-af08-09de2e0a8877 to b60f1f43-b4ec-4635-ba0d-ead5c702880d. New balances: 02a61007-1ef5-4c75-af08-09de2e0a8877 -> 6164, b60f1f43-b4ec-4635-ba0d-ead5c702880d -> 13836
21:59:33.190 [pool-1-thread-1] INFO  - Transfer succeeded: 6669 units from 31bb483a-9b6e-4a6b-af72-36f22d46f504 to 3a789a0d-d0b3-49d3-98f1-e88240cc0f27. New balances: 31bb483a-9b6e-4a6b-af72-36f22d46f504 -> 8834, 3a789a0d-d0b3-49d3-98f1-e88240cc0f27 -> 16669
21:59:33.410 [pool-1-thread-2] INFO  - Transfer succeeded: 4847 units from 7d79e20b-e294-4e6b-9b80-37d47800bec0 to 3a789a0d-d0b3-49d3-98f1-e88240cc0f27. New balances: 7d79e20b-e294-4e6b-9b80-37d47800bec0 -> 5153, 3a789a0d-d0b3-49d3-98f1-e88240cc0f27 -> 21516
21:59:34.359 [pool-1-thread-1] INFO  - Transfer succeeded: 4866 units from b60f1f43-b4ec-4635-ba0d-ead5c702880d to b1293c48-ad67-4c00-9e09-7a4a3200dceb. New balances: b60f1f43-b4ec-4635-ba0d-ead5c702880d -> 8970, b1293c48-ad67-4c00-9e09-7a4a3200dceb -> 5465
21:59:35.147 [pool-1-thread-2] INFO  - Transfer succeeded: 2933 units from b1293c48-ad67-4c00-9e09-7a4a3200dceb to 224fa145-fa8a-41f7-9761-d8a664a1fe22. New balances: b1293c48-ad67-4c00-9e09-7a4a3200dceb -> 2532, 224fa145-fa8a-41f7-9761-d8a664a1fe22 -> 12933
21:59:36.255 [pool-1-thread-1] INFO  - Transfer succeeded: 6001 units from ffa966c3-7cf2-461f-88e0-3bfcd80c7674 to e10a7942-80bd-4cb0-a217-f84b88539734. New balances: ffa966c3-7cf2-461f-88e0-3bfcd80c7674 -> 2533, e10a7942-80bd-4cb0-a217-f84b88539734 -> 10498
21:59:36.498 [pool-1-thread-2] INFO  - Transfer succeeded: 8895 units from e10a7942-80bd-4cb0-a217-f84b88539734 to 02a61007-1ef5-4c75-af08-09de2e0a8877. New balances: e10a7942-80bd-4cb0-a217-f84b88539734 -> 1603, 02a61007-1ef5-4c75-af08-09de2e0a8877 -> 15059
21:59:37.811 [pool-1-thread-1] INFO  - Transfer succeeded: 5730 units from 67da88d3-1128-4050-bc2c-ba22c73c958e to 3a789a0d-d0b3-49d3-98f1-e88240cc0f27. New balances: 67da88d3-1128-4050-bc2c-ba22c73c958e -> 14205, 3a789a0d-d0b3-49d3-98f1-e88240cc0f27 -> 27246
21:59:37.820 [pool-1-thread-2] INFO  - Transfer succeeded: 5099 units from 02a61007-1ef5-4c75-af08-09de2e0a8877 to a457011a-ebbe-409b-89b3-daa178513964. New balances: 02a61007-1ef5-4c75-af08-09de2e0a8877 -> 9960, a457011a-ebbe-409b-89b3-daa178513964 -> 8779
21:59:38.934 [pool-1-thread-2] INFO  - Transfer succeeded: 3079 units from d0cc58a6-b3d7-4e58-a84d-6bde129dbafb to 02a61007-1ef5-4c75-af08-09de2e0a8877. New balances: d0cc58a6-b3d7-4e58-a84d-6bde129dbafb -> 16403, 02a61007-1ef5-4c75-af08-09de2e0a8877 -> 13039
21:59:39.321 [pool-1-thread-1] INFO  - Transfer succeeded: 4606 units from 884615fb-164d-475e-8c88-b8141425a53b to 02a61007-1ef5-4c75-af08-09de2e0a8877. New balances: 884615fb-164d-475e-8c88-b8141425a53b -> 5394, 02a61007-1ef5-4c75-af08-09de2e0a8877 -> 17645
21:59:39.944 [pool-1-thread-2] INFO  - Transfer succeeded: 4486 units from 224fa145-fa8a-41f7-9761-d8a664a1fe22 to 6fd92de5-7a9e-4290-8ddb-72965929e4ee. New balances: 224fa145-fa8a-41f7-9761-d8a664a1fe22 -> 8447, 6fd92de5-7a9e-4290-8ddb-72965929e4ee -> 13952
21:59:41.042 [pool-1-thread-1] INFO  - Transfer succeeded: 1767 units from c48651ed-b2fb-45b0-9cf7-e37628f23cd9 to 31bb483a-9b6e-4a6b-af72-36f22d46f504. New balances: c48651ed-b2fb-45b0-9cf7-e37628f23cd9 -> 11133, 31bb483a-9b6e-4a6b-af72-36f22d46f504 -> 10601
21:59:41.762 [pool-1-thread-2] INFO  - Transfer succeeded: 4933 units from a457011a-ebbe-409b-89b3-daa178513964 to d0cc58a6-b3d7-4e58-a84d-6bde129dbafb. New balances: a457011a-ebbe-409b-89b3-daa178513964 -> 3846, d0cc58a6-b3d7-4e58-a84d-6bde129dbafb -> 21336
21:59:42.879 [pool-1-thread-1] INFO  - Transfer failed: insufficient funds from 7067d675-ec33-4f44-b1c4-67b763f6d765. Missing are 7252 units
21:59:43.022 [pool-1-thread-2] INFO  - Transfer succeeded: 1953 units from a3d9c886-e551-46aa-8f9f-cff6f1bcc839 to 67da88d3-1128-4050-bc2c-ba22c73c958e. New balances: a3d9c886-e551-46aa-8f9f-cff6f1bcc839 -> 8047, 67da88d3-1128-4050-bc2c-ba22c73c958e -> 16158
21:59:44.189 [pool-1-thread-1] INFO  - Transfer succeeded: 4474 units from 9697f72a-10e4-4c10-a46e-9ac846eae0a7 to 7067d675-ec33-4f44-b1c4-67b763f6d765. New balances: 9697f72a-10e4-4c10-a46e-9ac846eae0a7 -> 5526, 7067d675-ec33-4f44-b1c4-67b763f6d765 -> 4992
21:59:44.569 [pool-1-thread-2] INFO  - Transfer failed: insufficient funds from ffa966c3-7cf2-461f-88e0-3bfcd80c7674. Missing are 3259 units
21:59:45.308 [pool-1-thread-1] INFO  - Transfer failed: insufficient funds from e10a7942-80bd-4cb0-a217-f84b88539734. Missing are 6837 units
21:59:45.898 [pool-1-thread-2] INFO  - Transfer succeeded: 546 units from 31bb483a-9b6e-4a6b-af72-36f22d46f504 to 7d79e20b-e294-4e6b-9b80-37d47800bec0. New balances: 31bb483a-9b6e-4a6b-af72-36f22d46f504 -> 10055, 7d79e20b-e294-4e6b-9b80-37d47800bec0 -> 5699
21:59:46.724 [pool-1-thread-1] INFO  - Transfer succeeded: 6461 units from a3d9c886-e551-46aa-8f9f-cff6f1bcc839 to e7dfd2e9-55f2-4354-a92f-50465d083ab9. New balances: a3d9c886-e551-46aa-8f9f-cff6f1bcc839 -> 1586, e7dfd2e9-55f2-4354-a92f-50465d083ab9 -> 21347
21:59:47.397 [pool-1-thread-2] INFO  - Transfer succeeded: 9418 units from 67da88d3-1128-4050-bc2c-ba22c73c958e to d0cc58a6-b3d7-4e58-a84d-6bde129dbafb. New balances: 67da88d3-1128-4050-bc2c-ba22c73c958e -> 6740, d0cc58a6-b3d7-4e58-a84d-6bde129dbafb -> 30754
21:59:48.124 [pool-1-thread-1] INFO  - Transfer succeeded: 6643 units from b60f1f43-b4ec-4635-ba0d-ead5c702880d to a3d9c886-e551-46aa-8f9f-cff6f1bcc839. New balances: b60f1f43-b4ec-4635-ba0d-ead5c702880d -> 2327, a3d9c886-e551-46aa-8f9f-cff6f1bcc839 -> 8229
21:59:48.464 [pool-1-thread-2] INFO  - Transfer succeeded: 7105 units from d0cc58a6-b3d7-4e58-a84d-6bde129dbafb to a3d9c886-e551-46aa-8f9f-cff6f1bcc839. New balances: d0cc58a6-b3d7-4e58-a84d-6bde129dbafb -> 23649, a3d9c886-e551-46aa-8f9f-cff6f1bcc839 -> 15334
21:59:49.964 [pool-1-thread-1] INFO  - Transfer succeeded: 893 units from 224fa145-fa8a-41f7-9761-d8a664a1fe22 to d0cc58a6-b3d7-4e58-a84d-6bde129dbafb. New balances: 224fa145-fa8a-41f7-9761-d8a664a1fe22 -> 7554, d0cc58a6-b3d7-4e58-a84d-6bde129dbafb -> 24542
21:59:50.267 [pool-1-thread-2] INFO  - Transfer failed: insufficient funds from b1293c48-ad67-4c00-9e09-7a4a3200dceb. Missing are 667 units
21:59:51.416 [pool-1-thread-2] INFO  - Transfer failed: insufficient funds from 7067d675-ec33-4f44-b1c4-67b763f6d765. Missing are 2704 units
21:59:52.442 [pool-1-thread-2] INFO  - Transfer succeeded: 5703 units from 3a789a0d-d0b3-49d3-98f1-e88240cc0f27 to 7d79e20b-e294-4e6b-9b80-37d47800bec0. New balances: 3a789a0d-d0b3-49d3-98f1-e88240cc0f27 -> 21543, 7d79e20b-e294-4e6b-9b80-37d47800bec0 -> 11402
21:59:52.445 [pool-1-thread-2] INFO  - 🎯 Target of 30 transfers reached.
21:59:52.445 [main] INFO  - 🎯 Target of 30 transfers reached. Shutting down workers...
21:59:52.446 [main] INFO  - ✅ Application finished successfully.
22:07:34.284 [main] INFO  - Transfer succeeded: 300 units from A1 to A2. New balances: A1 -> 700, A2 -> 800
22:12:43.595 [pool-1-thread-3] INFO  - Transfer succeeded: 4120 units from 8c99de6c-1c53-476b-9db3-12b4302dd3f4 to 61a0585b-28d3-4511-82a8-e5730942a588. New balances: 8c99de6c-1c53-476b-9db3-12b4302dd3f4 -> 5880, 61a0585b-28d3-4511-82a8-e5730942a588 -> 14120
22:12:43.911 [pool-1-thread-1] INFO  - Transfer succeeded: 2105 units from 9c955a61-3998-4d63-bdac-bbb85a095fcf to 61a0585b-28d3-4511-82a8-e5730942a588. New balances: 9c955a61-3998-4d63-bdac-bbb85a095fcf -> 7895, 61a0585b-28d3-4511-82a8-e5730942a588 -> 16225
22:12:44.322 [pool-1-thread-2] INFO  - Transfer succeeded: 2016 units from 9c955a61-3998-4d63-bdac-bbb85a095fcf to 112db6cf-849b-476b-916d-a8dcf9b0c9ed. New balances: 9c955a61-3998-4d63-bdac-bbb85a095fcf -> 5879, 112db6cf-849b-476b-916d-a8dcf9b0c9ed -> 12016
22:12:45.209 [pool-1-thread-3] INFO  - Transfer succeeded: 482 units from 8c99de6c-1c53-476b-9db3-12b4302dd3f4 to 9c955a61-3998-4d63-bdac-bbb85a095fcf. New balances: 8c99de6c-1c53-476b-9db3-12b4302dd3f4 -> 5398, 9c955a61-3998-4d63-bdac-bbb85a095fcf -> 6361
22:12:45.725 [pool-1-thread-1] INFO  - Transfer succeeded: 6211 units from 9c955a61-3998-4d63-bdac-bbb85a095fcf to 61a0585b-28d3-4511-82a8-e5730942a588. New balances: 9c955a61-3998-4d63-bdac-bbb85a095fcf -> 150, 61a0585b-28d3-4511-82a8-e5730942a588 -> 22436
22:12:46.241 [pool-1-thread-2] INFO  - Transfer failed: insufficient funds from 9c955a61-3998-4d63-bdac-bbb85a095fcf. Missing are 3990 units
22:12:46.985 [pool-1-thread-3] INFO  - Transfer succeeded: 7852 units from 61a0585b-28d3-4511-82a8-e5730942a588 to 112db6cf-849b-476b-916d-a8dcf9b0c9ed. New balances: 61a0585b-28d3-4511-82a8-e5730942a588 -> 14584, 112db6cf-849b-476b-916d-a8dcf9b0c9ed -> 19868
22:12:47.106 [pool-1-thread-1] INFO  - Transfer succeeded: 5161 units from 61a0585b-28d3-4511-82a8-e5730942a588 to 8c99de6c-1c53-476b-9db3-12b4302dd3f4. New balances: 61a0585b-28d3-4511-82a8-e5730942a588 -> 9423, 8c99de6c-1c53-476b-9db3-12b4302dd3f4 -> 10559
22:12:47.582 [pool-1-thread-2] INFO  - Transfer succeeded: 7117 units from 8c99de6c-1c53-476b-9db3-12b4302dd3f4 to 112db6cf-849b-476b-916d-a8dcf9b0c9ed. New balances: 8c99de6c-1c53-476b-9db3-12b4302dd3f4 -> 3442, 112db6cf-849b-476b-916d-a8dcf9b0c9ed -> 26985
22:12:48.262 [pool-1-thread-3] INFO  - Transfer succeeded: 8161 units from 112db6cf-849b-476b-916d-a8dcf9b0c9ed to 61a0585b-28d3-4511-82a8-e5730942a588. New balances: 112db6cf-849b-476b-916d-a8dcf9b0c9ed -> 18824, 61a0585b-28d3-4511-82a8-e5730942a588 -> 17584
22:12:48.651 [pool-1-thread-1] INFO  - Transfer succeeded: 6397 units from 61a0585b-28d3-4511-82a8-e5730942a588 to 9c955a61-3998-4d63-bdac-bbb85a095fcf. New balances: 61a0585b-28d3-4511-82a8-e5730942a588 -> 11187, 9c955a61-3998-4d63-bdac-bbb85a095fcf -> 6547
22:12:49.377 [pool-1-thread-2] INFO  - Transfer succeeded: 2039 units from 9c955a61-3998-4d63-bdac-bbb85a095fcf to 112db6cf-849b-476b-916d-a8dcf9b0c9ed. New balances: 9c955a61-3998-4d63-bdac-bbb85a095fcf -> 4508, 112db6cf-849b-476b-916d-a8dcf9b0c9ed -> 20863
22:12:50.029 [pool-1-thread-3] INFO  - Transfer succeeded: 3136 units from 8c99de6c-1c53-476b-9db3-12b4302dd3f4 to 61a0585b-28d3-4511-82a8-e5730942a588. New balances: 8c99de6c-1c53-476b-9db3-12b4302dd3f4 -> 306, 61a0585b-28d3-4511-82a8-e5730942a588 -> 14323
22:12:50.279 [pool-1-thread-1] INFO  - Transfer failed: insufficient funds from 9c955a61-3998-4d63-bdac-bbb85a095fcf. Missing are 28 units
22:12:50.929 [pool-1-thread-2] INFO  - Transfer succeeded: 949 units from 61a0585b-28d3-4511-82a8-e5730942a588 to 112db6cf-849b-476b-916d-a8dcf9b0c9ed. New balances: 61a0585b-28d3-4511-82a8-e5730942a588 -> 13374, 112db6cf-849b-476b-916d-a8dcf9b0c9ed -> 21812
22:12:51.545 [pool-1-thread-1] INFO  - Transfer failed: insufficient funds from 8c99de6c-1c53-476b-9db3-12b4302dd3f4. Missing are 9007 units
22:12:51.629 [pool-1-thread-3] INFO  - Transfer succeeded: 8523 units from 61a0585b-28d3-4511-82a8-e5730942a588 to 112db6cf-849b-476b-916d-a8dcf9b0c9ed. New balances: 61a0585b-28d3-4511-82a8-e5730942a588 -> 4851, 112db6cf-849b-476b-916d-a8dcf9b0c9ed -> 30335
22:12:52.497 [pool-1-thread-2] INFO  - Transfer succeeded: 1537 units from 9c955a61-3998-4d63-bdac-bbb85a095fcf to 112db6cf-849b-476b-916d-a8dcf9b0c9ed. New balances: 9c955a61-3998-4d63-bdac-bbb85a095fcf -> 2971, 112db6cf-849b-476b-916d-a8dcf9b0c9ed -> 31872
22:12:52.825 [pool-1-thread-1] INFO  - Transfer succeeded: 3777 units from 61a0585b-28d3-4511-82a8-e5730942a588 to 8c99de6c-1c53-476b-9db3-12b4302dd3f4. New balances: 61a0585b-28d3-4511-82a8-e5730942a588 -> 1074, 8c99de6c-1c53-476b-9db3-12b4302dd3f4 -> 4083
22:12:53.382 [pool-1-thread-3] INFO  - Transfer failed: insufficient funds from 8c99de6c-1c53-476b-9db3-12b4302dd3f4. Missing are 3587 units
22:12:53.833 [pool-1-thread-2] INFO  - Transfer failed: insufficient funds from 8c99de6c-1c53-476b-9db3-12b4302dd3f4. Missing are 885 units
22:12:53.890 [pool-1-thread-1] INFO  - Transfer failed: insufficient funds from 9c955a61-3998-4d63-bdac-bbb85a095fcf. Missing are 624 units
22:12:54.449 [pool-1-thread-3] INFO  - Transfer failed: insufficient funds from 8c99de6c-1c53-476b-9db3-12b4302dd3f4. Missing are 1467 units
22:12:55.218 [pool-1-thread-1] INFO  - Transfer failed: insufficient funds from 9c955a61-3998-4d63-bdac-bbb85a095fcf. Missing are 6004 units
22:12:55.297 [pool-1-thread-2] INFO  - Transfer succeeded: 411 units from 8c99de6c-1c53-476b-9db3-12b4302dd3f4 to 61a0585b-28d3-4511-82a8-e5730942a588. New balances: 8c99de6c-1c53-476b-9db3-12b4302dd3f4 -> 3672, 61a0585b-28d3-4511-82a8-e5730942a588 -> 1485
22:12:56.015 [pool-1-thread-3] INFO  - Transfer succeeded: 9929 units from 112db6cf-849b-476b-916d-a8dcf9b0c9ed to 8c99de6c-1c53-476b-9db3-12b4302dd3f4. New balances: 112db6cf-849b-476b-916d-a8dcf9b0c9ed -> 21943, 8c99de6c-1c53-476b-9db3-12b4302dd3f4 -> 13601
22:12:57.018 [pool-1-thread-1] INFO  - Transfer succeeded: 1542 units from 8c99de6c-1c53-476b-9db3-12b4302dd3f4 to 9c955a61-3998-4d63-bdac-bbb85a095fcf. New balances: 8c99de6c-1c53-476b-9db3-12b4302dd3f4 -> 12059, 9c955a61-3998-4d63-bdac-bbb85a095fcf -> 4513
22:12:57.237 [pool-1-thread-2] INFO  - Transfer succeeded: 6061 units from 8c99de6c-1c53-476b-9db3-12b4302dd3f4 to 112db6cf-849b-476b-916d-a8dcf9b0c9ed. New balances: 8c99de6c-1c53-476b-9db3-12b4302dd3f4 -> 5998, 112db6cf-849b-476b-916d-a8dcf9b0c9ed -> 28004
22:12:57.237 [pool-1-thread-2] INFO  - 🎯 Target of 20 transfers reached.
22:12:57.237 [Thread-0] INFO  - 🎯 Target of 20 transfers reached. Shutting down workers...
22:12:57.239 [Thread-0] INFO  - ✅ Application finished successfully.
22:15:51.570 [pool-1-thread-2] INFO  - Transfer succeeded: 9819 units from a0eca373-ed61-4b1f-874b-c0b511e138ec to 432b237e-f665-4b66-bdc3-d9f34ff31cbc. New balances: a0eca373-ed61-4b1f-874b-c0b511e138ec -> 181, 432b237e-f665-4b66-bdc3-d9f34ff31cbc -> 19819
22:15:51.683 [pool-1-thread-1] INFO  - Transfer failed: insufficient funds from a0eca373-ed61-4b1f-874b-c0b511e138ec. Missing are 4368 units
22:15:52.252 [pool-1-thread-3] INFO  - Transfer succeeded: 4380 units from 432b237e-f665-4b66-bdc3-d9f34ff31cbc to 4095d593-cf68-4ed6-81a1-72ff9846aab0. New balances: 432b237e-f665-4b66-bdc3-d9f34ff31cbc -> 15439, 4095d593-cf68-4ed6-81a1-72ff9846aab0 -> 14380
22:15:52.621 [pool-1-thread-2] INFO  - Transfer failed: insufficient funds from a0eca373-ed61-4b1f-874b-c0b511e138ec. Missing are 5745 units
22:15:53.095 [pool-1-thread-1] INFO  - Transfer succeeded: 4108 units from 4095d593-cf68-4ed6-81a1-72ff9846aab0 to 432b237e-f665-4b66-bdc3-d9f34ff31cbc. New balances: 4095d593-cf68-4ed6-81a1-72ff9846aab0 -> 10272, 432b237e-f665-4b66-bdc3-d9f34ff31cbc -> 19547
22:15:53.327 [pool-1-thread-3] INFO  - Transfer succeeded: 7449 units from 432b237e-f665-4b66-bdc3-d9f34ff31cbc to 6b2cfc83-f9fc-4bc8-b1a9-07f9d73d96ec. New balances: 432b237e-f665-4b66-bdc3-d9f34ff31cbc -> 12098, 6b2cfc83-f9fc-4bc8-b1a9-07f9d73d96ec -> 17449
22:15:54.262 [pool-1-thread-2] INFO  - Transfer succeeded: 9062 units from 6b2cfc83-f9fc-4bc8-b1a9-07f9d73d96ec to 432b237e-f665-4b66-bdc3-d9f34ff31cbc. New balances: 6b2cfc83-f9fc-4bc8-b1a9-07f9d73d96ec -> 8387, 432b237e-f665-4b66-bdc3-d9f34ff31cbc -> 21160
22:15:54.341 [pool-1-thread-1] INFO  - Transfer succeeded: 7998 units from 6b2cfc83-f9fc-4bc8-b1a9-07f9d73d96ec to 4095d593-cf68-4ed6-81a1-72ff9846aab0. New balances: 6b2cfc83-f9fc-4bc8-b1a9-07f9d73d96ec -> 389, 4095d593-cf68-4ed6-81a1-72ff9846aab0 -> 18270
22:15:55.004 [pool-1-thread-3] INFO  - Transfer succeeded: 2404 units from 4095d593-cf68-4ed6-81a1-72ff9846aab0 to a0eca373-ed61-4b1f-874b-c0b511e138ec. New balances: 4095d593-cf68-4ed6-81a1-72ff9846aab0 -> 15866, a0eca373-ed61-4b1f-874b-c0b511e138ec -> 2585
22:15:55.617 [pool-1-thread-1] INFO  - Transfer failed: insufficient funds from a0eca373-ed61-4b1f-874b-c0b511e138ec. Missing are 4220 units
22:15:55.990 [pool-1-thread-2] INFO  - Transfer succeeded: 1964 units from 432b237e-f665-4b66-bdc3-d9f34ff31cbc to 6b2cfc83-f9fc-4bc8-b1a9-07f9d73d96ec. New balances: 432b237e-f665-4b66-bdc3-d9f34ff31cbc -> 19196, 6b2cfc83-f9fc-4bc8-b1a9-07f9d73d96ec -> 2353
22:15:56.850 [pool-1-thread-3] INFO  - Transfer succeeded: 6045 units from 4095d593-cf68-4ed6-81a1-72ff9846aab0 to a0eca373-ed61-4b1f-874b-c0b511e138ec. New balances: 4095d593-cf68-4ed6-81a1-72ff9846aab0 -> 9821, a0eca373-ed61-4b1f-874b-c0b511e138ec -> 8630
22:15:56.970 [pool-1-thread-1] INFO  - Transfer succeeded: 3612 units from a0eca373-ed61-4b1f-874b-c0b511e138ec to 432b237e-f665-4b66-bdc3-d9f34ff31cbc. New balances: a0eca373-ed61-4b1f-874b-c0b511e138ec -> 5018, 432b237e-f665-4b66-bdc3-d9f34ff31cbc -> 22808
22:15:57.114 [pool-1-thread-2] INFO  - Transfer failed: insufficient funds from 6b2cfc83-f9fc-4bc8-b1a9-07f9d73d96ec. Missing are 1475 units
22:15:58.149 [pool-1-thread-3] INFO  - Transfer succeeded: 8560 units from 432b237e-f665-4b66-bdc3-d9f34ff31cbc to 6b2cfc83-f9fc-4bc8-b1a9-07f9d73d96ec. New balances: 432b237e-f665-4b66-bdc3-d9f34ff31cbc -> 14248, 6b2cfc83-f9fc-4bc8-b1a9-07f9d73d96ec -> 10913
22:15:58.606 [pool-1-thread-2] INFO  - Transfer failed: insufficient funds from a0eca373-ed61-4b1f-874b-c0b511e138ec. Missing are 4093 units
22:15:58.819 [pool-1-thread-1] INFO  - Transfer succeeded: 2237 units from 4095d593-cf68-4ed6-81a1-72ff9846aab0 to 6b2cfc83-f9fc-4bc8-b1a9-07f9d73d96ec. New balances: 4095d593-cf68-4ed6-81a1-72ff9846aab0 -> 7584, 6b2cfc83-f9fc-4bc8-b1a9-07f9d73d96ec -> 13150
22:15:59.639 [pool-1-thread-3] INFO  - Transfer succeeded: 6540 units from 4095d593-cf68-4ed6-81a1-72ff9846aab0 to 6b2cfc83-f9fc-4bc8-b1a9-07f9d73d96ec. New balances: 4095d593-cf68-4ed6-81a1-72ff9846aab0 -> 1044, 6b2cfc83-f9fc-4bc8-b1a9-07f9d73d96ec -> 19690
22:16:00.019 [pool-1-thread-2] INFO  - Transfer succeeded: 6673 units from 6b2cfc83-f9fc-4bc8-b1a9-07f9d73d96ec to 432b237e-f665-4b66-bdc3-d9f34ff31cbc. New balances: 6b2cfc83-f9fc-4bc8-b1a9-07f9d73d96ec -> 13017, 432b237e-f665-4b66-bdc3-d9f34ff31cbc -> 20921
22:16:00.708 [pool-1-thread-1] INFO  - Transfer failed: insufficient funds from 4095d593-cf68-4ed6-81a1-72ff9846aab0. Missing are 7533 units
22:16:00.871 [pool-1-thread-3] INFO  - Transfer failed: insufficient funds from 4095d593-cf68-4ed6-81a1-72ff9846aab0. Missing are 709 units
22:16:01.461 [pool-1-thread-2] INFO  - Transfer failed: insufficient funds from 4095d593-cf68-4ed6-81a1-72ff9846aab0. Missing are 7380 units
22:16:02.099 [pool-1-thread-3] INFO  - Transfer succeeded: 2530 units from 432b237e-f665-4b66-bdc3-d9f34ff31cbc to 6b2cfc83-f9fc-4bc8-b1a9-07f9d73d96ec. New balances: 432b237e-f665-4b66-bdc3-d9f34ff31cbc -> 18391, 6b2cfc83-f9fc-4bc8-b1a9-07f9d73d96ec -> 15547
22:16:02.257 [pool-1-thread-1] INFO  - Transfer succeeded: 1267 units from 6b2cfc83-f9fc-4bc8-b1a9-07f9d73d96ec to a0eca373-ed61-4b1f-874b-c0b511e138ec. New balances: 6b2cfc83-f9fc-4bc8-b1a9-07f9d73d96ec -> 14280, a0eca373-ed61-4b1f-874b-c0b511e138ec -> 6285
22:16:03.155 [pool-1-thread-2] INFO  - Transfer succeeded: 4878 units from a0eca373-ed61-4b1f-874b-c0b511e138ec to 6b2cfc83-f9fc-4bc8-b1a9-07f9d73d96ec. New balances: a0eca373-ed61-4b1f-874b-c0b511e138ec -> 1407, 6b2cfc83-f9fc-4bc8-b1a9-07f9d73d96ec -> 19158
22:16:03.544 [pool-1-thread-1] INFO  - Transfer failed: insufficient funds from a0eca373-ed61-4b1f-874b-c0b511e138ec. Missing are 2922 units
22:16:03.775 [pool-1-thread-3] INFO  - Transfer failed: insufficient funds from a0eca373-ed61-4b1f-874b-c0b511e138ec. Missing are 6176 units
22:16:04.849 [pool-1-thread-3] INFO  - Transfer succeeded: 7635 units from 432b237e-f665-4b66-bdc3-d9f34ff31cbc to 6b2cfc83-f9fc-4bc8-b1a9-07f9d73d96ec. New balances: 432b237e-f665-4b66-bdc3-d9f34ff31cbc -> 10756, 6b2cfc83-f9fc-4bc8-b1a9-07f9d73d96ec -> 26793
22:16:04.849 [pool-1-thread-3] INFO  - 🎯 Target of 20 transfers reached.
22:16:04.849 [Thread-0] INFO  - 🎯 Target of 20 transfers reached. Shutting down workers...
22:16:05.012 [pool-1-thread-2] INFO  - Transfer succeeded: 8433 units from 432b237e-f665-4b66-bdc3-d9f34ff31cbc to a0eca373-ed61-4b1f-874b-c0b511e138ec. New balances: 432b237e-f665-4b66-bdc3-d9f34ff31cbc -> 2323, a0eca373-ed61-4b1f-874b-c0b511e138ec -> 9840
22:16:05.016 [pool-1-thread-1] INFO  - Transfer succeeded: 3550 units from 6b2cfc83-f9fc-4bc8-b1a9-07f9d73d96ec to 4095d593-cf68-4ed6-81a1-72ff9846aab0. New balances: 6b2cfc83-f9fc-4bc8-b1a9-07f9d73d96ec -> 23243, 4095d593-cf68-4ed6-81a1-72ff9846aab0 -> 4594
22:16:05.017 [Thread-0] INFO  - ✅ Application finished successfully.
22:16:05.053 [main] INFO  - Transfer succeeded: 300 units from A1 to A2. New balances: A1 -> 700, A2 -> 800
22:16:05.062 [main] INFO  - Transfer failed: insufficient funds from A1. Missing are 100 units
